<?xml version="1.0" encoding="UTF-8"?>
<!-- Generated by org.testng.reporters.JUnitReportReporter -->
<testsuite hostname="admin-PC" name="tests.NewTest1" tests="1" failures="0" timestamp="27 Aug 2014 12:16:57 GMT" time="28.854" errors="0">
  <testcase name="f" time="28.854" classname="tests.NewTest1"/>
</testsuite> <!-- tests.NewTest1 -->
