<?xml version="1.0" encoding="UTF-8"?>
<!-- Generated by org.testng.reporters.JUnitReportReporter -->
<testsuite hostname="admin-PC" name="tests.NewTest2" tests="1" failures="0" timestamp="27 Aug 2014 12:16:57 GMT" time="27.946" errors="0">
  <testcase name="f" time="27.946" classname="tests.NewTest2"/>
</testsuite> <!-- tests.NewTest2 -->
